<?xml version="1.0" encoding="UTF-8"?>
<!-- Generated by org.testng.reporters.JUnitReportReporter -->
<testsuite hostname="CISPL-IO-915" failures="0" tests="1" name="tests.LoginTest" time="7.473" errors="0" timestamp="2025-05-11T19:04:14 IST" skipped="0">
  <testcase classname="tests.LoginTest" name="testCheckoutFlow" time="7.473"/>
</testsuite> <!-- tests.LoginTest -->
